SF:lib\tiny_provider.dart
DA:3,1
DA:6,1
DA:8,1
DA:10,1
DA:14,1
DA:17,1
DA:23,1
DA:31,1
DA:33,1
DA:36,1
DA:38,3
DA:43,2
DA:45,1
DA:47,1
DA:51,1
DA:53,1
DA:54,2
DA:56,1
DA:59,0
DA:61,0
DA:63,0
DA:66,1
DA:68,4
DA:70,4
DA:73,1
DA:75,2
DA:76,1
DA:80,0
DA:83,0
DA:84,0
DA:85,0
DA:88,1
DA:90,2
DA:91,4
DA:92,1
DA:95,1
DA:97,1
DA:103,1
DA:116,1
DA:118,1
DA:126,1
DA:128,1
DA:129,5
DA:131,3
DA:132,2
DA:138,1
DA:140,1
DA:141,1
DA:142,4
DA:146,0
DA:148,0
DA:149,0
DA:150,0
DA:154,1
DA:156,1
DA:157,2
DA:162,1
DA:171,1
DA:173,2
DA:175,1
DA:176,1
DA:177,2
DA:185,1
DA:191,1
DA:194,1
DA:196,1
DA:202,1
DA:215,1
DA:218,3
DA:220,1
LF:70
LH:59
end_of_record
